# JRE version: OpenJDK Runtime Environment Microsoft-13106404 (21.0.10+7) (build 21.0.10+7-LTS)
# Java VM: OpenJDK 64-Bit Server VM Microsoft-13106404 (21.0.10+7-LTS, mixed mode, sharing, tiered, compressed oops, compressed class ptrs, g1 gc, windows-amd64)
GC Precious Log:
 CardTable entry size: 512
 Card Set container configuration: InlinePtr #cards 4 size 8 Array Of Cards #cards 64 size 144 Howl #buckets 8 coarsen threshold 14745 Howl Bitmap #cards 2048 size 272 coarsen threshold 1843 Card regions per heap region 1 cards per card region 16384
 CPUs: 16 total, 16 available
 Memory: 61153M
 Large Page Support: Disabled
 NUMA Support: Disabled
 Compressed Oops: Enabled (Zero based)
 Heap Region Size: 8M
 Heap Min Capacity: 8M
 Heap Initial Capacity: 960M
 Heap Max Capacity: 15296M
 Pre-touch: Disabled
 Parallel Workers: 13
 Concurrent Workers: 3
 Concurrent Refinement Workers: 13
 Periodic GC: Disabled
Heap:
 garbage-first heap   total 2654208K, used 779684K [0x0000000444000000, 0x0000000800000000)
  region size 8192K, 5 young (40960K), 5 survivors (40960K)
 Metaspace       used 149763K, committed 150400K, reserved 1245184K
  class space    used 13381K, committed 13696K, reserved 1048576K
GC Heap History (20 events):
Event: 196.709 GC heap after
{Heap after GC invocations=74 (full 2):
 garbage-first heap   total 2654208K, used 740298K [0x0000000444000000, 0x0000000800000000)
  region size 8192K, 0 young (0K), 0 survivors (0K)
 Metaspace       used 149567K, committed 150208K, reserved 1245184K
  class space    used 13365K, committed 13696K, reserved 1048576K
}
Event: 196.741 GC heap before
{Heap before GC invocations=74 (full 2):
 garbage-first heap   total 2654208K, used 740298K [0x0000000444000000, 0x0000000800000000)
  region size 8192K, 1 young (8192K), 0 survivors (0K)
 Metaspace       used 149567K, committed 150208K, reserved 1245184K
  class space    used 13365K, committed 13696K, reserved 1048576K
}
Event: 196.900 GC heap after
{Heap after GC invocations=75 (full 3):
 garbage-first heap   total 2654208K, used 740295K [0x0000000444000000, 0x0000000800000000)
  region size 8192K, 0 young (0K), 0 survivors (0K)
 Metaspace       used 149567K, committed 150208K, reserved 1245184K
  class space    used 13365K, committed 13696K, reserved 1048576K
}
Event: 196.924 GC heap before
{Heap before GC invocations=75 (full 3):
 garbage-first heap   total 2654208K, used 740295K [0x0000000444000000, 0x0000000800000000)
  region size 8192K, 0 young (0K), 0 survivors (0K)
 Metaspace       used 149567K, committed 150208K, reserved 1245184K
  class space    used 13365K, committed 13696K, reserved 1048576K
}
Event: 197.084 GC heap after
{Heap after GC invocations=76 (full 4):
 garbage-first heap   total 2654208K, used 740295K [0x0000000444000000, 0x0000000800000000)
  region size 8192K, 0 young (0K), 0 survivors (0K)
 Metaspace       used 149567K, committed 150208K, reserved 1245184K
  class space    used 13365K, committed 13696K, reserved 1048576K
}
Event: 197.108 GC heap before
{Heap before GC invocations=76 (full 4):
 garbage-first heap   total 2654208K, used 740295K [0x0000000444000000, 0x0000000800000000)
  region size 8192K, 0 young (0K), 0 survivors (0K)
 Metaspace       used 149567K, committed 150208K, reserved 1245184K
  class space    used 13365K, committed 13696K, reserved 1048576K
}
Event: 197.261 GC heap after
{Heap after GC invocations=77 (full 5):
 garbage-first heap   total 2654208K, used 740295K [0x0000000444000000, 0x0000000800000000)
  region size 8192K, 0 young (0K), 0 survivors (0K)
 Metaspace       used 149567K, committed 150208K, reserved 1245184K
  class space    used 13365K, committed 13696K, reserved 1048576K
}
Event: 197.293 GC heap before
{Heap before GC invocations=77 (full 5):
 garbage-first heap   total 2654208K, used 740295K [0x0000000444000000, 0x0000000800000000)
  region size 8192K, 0 young (0K), 0 survivors (0K)
 Metaspace       used 149567K, committed 150208K, reserved 1245184K
  class space    used 13365K, committed 13696K, reserved 1048576K
}
Event: 197.444 GC heap after
{Heap after GC invocations=78 (full 6):
 garbage-first heap   total 2654208K, used 740295K [0x0000000444000000, 0x0000000800000000)
  region size 8192K, 0 young (0K), 0 survivors (0K)
 Metaspace       used 149567K, committed 150208K, reserved 1245184K
  class space    used 13365K, committed 13696K, reserved 1048576K
}
Event: 197.477 GC heap before
{Heap before GC invocations=78 (full 6):
 garbage-first heap   total 2654208K, used 740295K [0x0000000444000000, 0x0000000800000000)
  region size 8192K, 0 young (0K), 0 survivors (0K)
 Metaspace       used 149567K, committed 150208K, reserved 1245184K
  class space    used 13365K, committed 13696K, reserved 1048576K
}
Event: 197.626 GC heap after
{Heap after GC invocations=79 (full 7):
 garbage-first heap   total 2654208K, used 740295K [0x0000000444000000, 0x0000000800000000)
  region size 8192K, 0 young (0K), 0 survivors (0K)
 Metaspace       used 149567K, committed 150208K, reserved 1245184K
  class space    used 13365K, committed 13696K, reserved 1048576K
}
Event: 197.661 GC heap before
{Heap before GC invocations=79 (full 7):
 garbage-first heap   total 2654208K, used 740295K [0x0000000444000000, 0x0000000800000000)
  region size 8192K, 0 young (0K), 0 survivors (0K)
 Metaspace       used 149567K, committed 150208K, reserved 1245184K
  class space    used 13365K, committed 13696K, reserved 1048576K
}
Event: 197.836 GC heap after
{Heap after GC invocations=80 (full 8):
 garbage-first heap   total 2654208K, used 740295K [0x0000000444000000, 0x0000000800000000)
  region size 8192K, 0 young (0K), 0 survivors (0K)
 Metaspace       used 149567K, committed 150208K, reserved 1245184K
  class space    used 13365K, committed 13696K, reserved 1048576K
}
Event: 197.863 GC heap before
{Heap before GC invocations=80 (full 8):
 garbage-first heap   total 2654208K, used 740295K [0x0000000444000000, 0x0000000800000000)
  region size 8192K, 0 young (0K), 0 survivors (0K)
 Metaspace       used 149567K, committed 150208K, reserved 1245184K
  class space    used 13365K, committed 13696K, reserved 1048576K
}
Event: 198.044 GC heap after
{Heap after GC invocations=81 (full 9):
 garbage-first heap   total 2654208K, used 740295K [0x0000000444000000, 0x0000000800000000)
  region size 8192K, 0 young (0K), 0 survivors (0K)
 Metaspace       used 149567K, committed 150208K, reserved 1245184K
  class space    used 13365K, committed 13696K, reserved 1048576K
}
Event: 198.077 GC heap before
{Heap before GC invocations=81 (full 9):
 garbage-first heap   total 2654208K, used 740295K [0x0000000444000000, 0x0000000800000000)
  region size 8192K, 0 young (0K), 0 survivors (0K)
 Metaspace       used 149567K, committed 150208K, reserved 1245184K
  class space    used 13365K, committed 13696K, reserved 1048576K
}
Event: 198.231 GC heap after
{Heap after GC invocations=82 (full 10):
 garbage-first heap   total 2654208K, used 740295K [0x0000000444000000, 0x0000000800000000)
  region size 8192K, 0 young (0K), 0 survivors (0K)
 Metaspace       used 149567K, committed 150208K, reserved 1245184K
  class space    used 13365K, committed 13696K, reserved 1048576K
}
Event: 198.261 GC heap before
{Heap before GC invocations=82 (full 10):
 garbage-first heap   total 2654208K, used 740295K [0x0000000444000000, 0x0000000800000000)
  region size 8192K, 0 young (0K), 0 survivors (0K)
 Metaspace       used 149567K, committed 150208K, reserved 1245184K
  class space    used 13365K, committed 13696K, reserved 1048576K
}
Event: 198.504 GC heap after
{Heap after GC invocations=83 (full 11):
 garbage-first heap   total 2654208K, used 740295K [0x0000000444000000, 0x0000000800000000)
  region size 8192K, 0 young (0K), 0 survivors (0K)
 Metaspace       used 149567K, committed 150208K, reserved 1245184K
  class space    used 13365K, committed 13696K, reserved 1048576K
}
Event: 200.456 GC heap before
{Heap before GC invocations=83 (full 11):
 garbage-first heap   total 2654208K, used 2321351K [0x0000000444000000, 0x0000000800000000)
  region size 8192K, 194 young (1589248K), 0 survivors (0K)
 Metaspace       used 149763K, committed 150400K, reserved 1245184K
  class space    used 13381K, committed 13696K, reserved 1048576K
}

